06:54:42 pm ::-->> Array
(
    [0] => Exception
 Empty request body sent, couldn't validate in C:\xampp\htdocs\GraceStore\zil\zil\security\validation.php on line 39  
0 C:\xampp\htdocs\GraceStore\src\gracestore\controller\api\Auth.php
 Function >>> zil\security\Validation::__construct() on line 34
1 C:\xampp\htdocs\GraceStore\zil\zil\core\server\response.php
 Function >>> src\gracestore\controller\Auth::SignUp() on line 206
2 C:\xampp\htdocs\GraceStore\zil\zil\core\server\router.php
 Function >>> zil\core\server\Response::fromHttp() on line 19
3 C:\xampp\htdocs\GraceStore\zil\zil\main.php
 Function >>> zil\core\server\Router::Route() on line 158
4 C:\xampp\htdocs\GraceStore\index.php
 Function >>> zil\App::start() on line 20

)

06:57:31 pm ::-->> Array
(
    [0] => Exception
 Empty request body sent, couldn't validate in C:\xampp\htdocs\GraceStore\zil\zil\security\validation.php on line 39  
0 C:\xampp\htdocs\GraceStore\src\gracestore\controller\api\Auth.php
 Function >>> zil\security\Validation::__construct() on line 34
1 C:\xampp\htdocs\GraceStore\zil\zil\core\server\response.php
 Function >>> src\gracestore\controller\Auth::SignUp() on line 206
2 C:\xampp\htdocs\GraceStore\zil\zil\core\server\router.php
 Function >>> zil\core\server\Response::fromHttp() on line 19
3 C:\xampp\htdocs\GraceStore\zil\zil\main.php
 Function >>> zil\core\server\Router::Route() on line 158
4 C:\xampp\htdocs\GraceStore\index.php
 Function >>> zil\App::start() on line 20

)

